<?xml version="1.0" encoding="UTF-8"?>
<!-- Generated by org.testng.reporters.JUnitXMLReporter -->
<testsuite ignored="0" hostname="DESKTOP-RR2CFCS" failures="1" tests="1" name="firefox" time="0.066" errors="0" timestamp="2021-11-16T09:13:04 IST">
  <testcase classname="parallelExecutions.TestblockExecutionParralely" name="Execution" time="0.0">
    <failure type="org.testng.TestNGException" message="
Parameter &amp;apos;usn&amp;apos; is required by @Test on method Execution but has not been marked @Optional or defined
in C:\Users\Vaibhav Garse\git\repository\Automationqsp\parallelexecutionofblocks.xml">
      <![CDATA[org.testng.TestNGException: 
Parameter 'usn' is required by @Test on method Execution but has not been marked @Optional or defined
in C:\Users\Vaibhav Garse\git\repository\Automationqsp\parallelexecutionofblocks.xml
at java.base/java.util.ArrayList.forEach(ArrayList.java:1541)
at java.base/java.util.concurrent.FutureTask.run(FutureTask.java:264)
at java.base/java.util.concurrent.ThreadPoolExecutor.runWorker(ThreadPoolExecutor.java:1128)
at java.base/java.util.concurrent.ThreadPoolExecutor$Worker.run(ThreadPoolExecutor.java:628)
at java.base/java.lang.Thread.run(Thread.java:829)
... Removed 17 stack frames]]>
    </failure>
  </testcase> <!-- Execution -->
</testsuite> <!-- firefox -->
